<?xml version="1.0" encoding="UTF-8"?>
<!-- Generated by org.testng.reporters.JUnitReportReporter -->
<testsuite skipped="0" hostname="LAPTOP-UVUL5OT0" name="TestNGEx2" tests="1" failures="0" timestamp="14 Nov 2022 04:01:01 GMT" time="0.001" errors="0">
  <testcase name="TC05" time="0.001" classname="TestNGEx2"/>
</testsuite> <!-- TestNGEx2 -->
